<?xml version="1.0" encoding="UTF-8"?><testsuite errors="0" failures="0" name="com.restful.booker.crudtest.BookingCrudTest" skipped="0" tests="4" time="14.2" timestamp="2023-01-03T20:48:03.071Z[Europe/London]"><testcase classname="com.restful.booker.crudtest.BookingCrudTest" name="This will Auth user"/><testcase classname="com.restful.booker.crudtest.BookingCrudTest" name="This test will create a new Booking"/><testcase classname="com.restful.booker.crudtest.BookingCrudTest" name="This test will Update the booking"/><testcase classname="com.restful.booker.crudtest.BookingCrudTest" name="This test will Deleted the booking"/></testsuite>